<?xml version="1.0" encoding="UTF-8"?>
<Site BuildName="(empty)"
	BuildStamp="20240806-1643-Experimental"
	Name="ferbinspc"
	Generator="ctest-3.25.1"
	CompilerName="/usr/bin/c++"
	CompilerVersion="11.4.0"
	OSName="Linux"
	Hostname="ferbinspc"
	OSRelease="6.8.0-40-generic"
	OSVersion="#40~22.04.2-Ubuntu SMP PREEMPT_DYNAMIC Thu Jul 18 09:18:31 UTC 2"
	OSPlatform="x86_64"
	Is64Bits="1"
	VendorString="GenuineIntel"
	VendorID="Intel Corporation"
	FamilyID="6"
	ModelID="154"
	ProcessorCacheSize="24576"
	NumberOfLogicalCPU="16"
	NumberOfPhysicalCPU="10"
	TotalVirtualMemory="2047"
	TotalPhysicalMemory="15677"
	LogicalProcessorsPerPhysical="1"
	ProcessorClockFrequency="900.011"
	>
	<Testing>
		<StartDateTime>Aug 06 22:13 IST</StartDateTime>
		<StartTestTime>1722962628</StartTestTime>
		<TestList/>
		<EndDateTime>Aug 06 22:13 IST</EndDateTime>
		<EndTestTime>1722962628</EndTestTime>
		<ElapsedMinutes>0</ElapsedMinutes>
	</Testing>
</Site>
